<?xml version="1.0" encoding="UTF-8"?>
<!-- Generated by org.testng.reporters.JUnitXMLReporter -->
<testsuite ignored="0" hostname="DESKTOP-O5C2PP7" failures="1" tests="1" name="ChromeTest" time="105.492" errors="0" timestamp="2024-10-24T00:04:18 IST">
  <testcase classname="io.cucumber.testng.AbstractTestNGCucumberTests" name="runScenario" time="31.977">
    <failure type="java.lang.AssertionError" message="expected [true] but found [false]">
      <![CDATA[java.lang.AssertionError: expected [true] but found [false]
at stepDefinitions.MainSteps.usershouldgetthelistofelementswhichareloadedinonesecond(MainSteps.java:44)
at ✽.User should get the list of elements which are loaded in One second(file:///C:/Users/siddu/OneDrive/Desktop/APPIUM%20APPS/POC_END_TO_END/src/test/java/features/google.feature:9)
... Removed 4 stack frames]]>
    </failure>
  </testcase> <!-- runScenario -->
</testsuite> <!-- ChromeTest -->
