-------------------------------------------------------------------------------
Test set: TestSuite
-------------------------------------------------------------------------------
Tests run: 4, Failures: 1, Errors: 0, Skipped: 0, Time elapsed: 18.451 s <<< FAILURE! - in TestSuite
runner.TestRunner.runScenario["Display results", "Google Search"](2)  Time elapsed: 3.861 s  <<< FAILURE!
java.lang.AssertionError: expected [true] but found [false]

