<?xml version="1.0" encoding="UTF-8"?>
<testng-results ignored="0" total="2" passed="2" failed="0" skipped="0">
  <reporter-output>
  </reporter-output>
  <suite started-at="2024-10-22T20:23:05 IST" name="ParallelTestSuite" finished-at="2024-10-22T20:24:32 IST" duration-ms="87298">
    <groups>
      <group name="cucumber">
        <method signature="AbstractTestNGCucumberTests.runScenario(io.cucumber.testng.PickleWrapper,io.cucumber.testng.FeatureWrapper)[pri:0, instance:cucumberOptions.TestNgRunner@4efbca5a]" name="runScenario" class="io.cucumber.testng.AbstractTestNGCucumberTests"/>
        <method signature="AbstractTestNGCucumberTests.runScenario(io.cucumber.testng.PickleWrapper,io.cucumber.testng.FeatureWrapper)[pri:0, instance:cucumberOptions.TestNgRunner@71d44a3]" name="runScenario" class="io.cucumber.testng.AbstractTestNGCucumberTests"/>
      </group> <!-- cucumber -->
    </groups>
    <test started-at="2024-10-22T20:23:05 IST" name="ChromeTest" finished-at="2024-10-22T20:23:59 IST" duration-ms="53583">
      <class name="cucumberOptions.TestNgRunner">
        <test-method is-config="true" signature="setUp(java.lang.String)[pri:0, instance:cucumberOptions.TestNgRunner@4efbca5a]" started-at="2024-10-22T20:23:05 IST" name="setUp" finished-at="2024-10-22T20:23:29 IST" duration-ms="23955" status="PASS">
          <params>
            <param index="0">
              <value>
                <![CDATA[chrome]]>
              </value>
            </param>
          </params>
          <reporter-output>
          </reporter-output>
        </test-method> <!-- setUp -->
        <test-method is-config="true" signature="setUpClass(org.testng.ITestContext)[pri:0, instance:cucumberOptions.TestNgRunner@4efbca5a]" started-at="2024-10-22T20:23:29 IST" name="setUpClass" finished-at="2024-10-22T20:23:37 IST" duration-ms="7377" status="PASS">
          <params>
            <param index="0">
              <value>
                <![CDATA[org.testng.TestRunner@7817fd62]]>
              </value>
            </param>
          </params>
          <reporter-output>
          </reporter-output>
        </test-method> <!-- setUpClass -->
        <test-method signature="runScenario(io.cucumber.testng.PickleWrapper,io.cucumber.testng.FeatureWrapper)[pri:0, instance:cucumberOptions.TestNgRunner@4efbca5a]" started-at="2024-10-22T20:23:37 IST" name="runScenario" description="Runs Cucumber Scenarios" data-provider="scenarios" finished-at="2024-10-22T20:23:56 IST" duration-ms="19269" status="PASS">
          <params>
            <param index="0">
              <value>
                <![CDATA["element loading at 1 second"]]>
              </value>
            </param>
            <param index="1">
              <value>
                <![CDATA["Google page"]]>
              </value>
            </param>
          </params>
          <reporter-output>
          </reporter-output>
        </test-method> <!-- runScenario -->
        <test-method is-config="true" signature="tearDownClass()[pri:0, instance:cucumberOptions.TestNgRunner@4efbca5a]" started-at="2024-10-22T20:23:56 IST" name="tearDownClass" finished-at="2024-10-22T20:23:57 IST" duration-ms="502" status="PASS">
          <reporter-output>
          </reporter-output>
        </test-method> <!-- tearDownClass -->
        <test-method is-config="true" signature="tearDown()[pri:0, instance:cucumberOptions.TestNgRunner@4efbca5a]" started-at="2024-10-22T20:23:57 IST" name="tearDown" finished-at="2024-10-22T20:23:59 IST" duration-ms="1804" status="PASS">
          <reporter-output>
          </reporter-output>
        </test-method> <!-- tearDown -->
      </class> <!-- cucumberOptions.TestNgRunner -->
    </test> <!-- ChromeTest -->
    <test started-at="2024-10-22T20:23:05 IST" name="FirefoxTest" finished-at="2024-10-22T20:24:32 IST" duration-ms="87298">
      <class name="cucumberOptions.TestNgRunner">
        <test-method is-config="true" signature="setUp(java.lang.String)[pri:0, instance:cucumberOptions.TestNgRunner@71d44a3]" started-at="2024-10-22T20:23:05 IST" name="setUp" finished-at="2024-10-22T20:24:08 IST" duration-ms="62664" status="PASS">
          <params>
            <param index="0">
              <value>
                <![CDATA[firefox]]>
              </value>
            </param>
          </params>
          <reporter-output>
          </reporter-output>
        </test-method> <!-- setUp -->
        <test-method is-config="true" signature="setUpClass(org.testng.ITestContext)[pri:0, instance:cucumberOptions.TestNgRunner@71d44a3]" started-at="2024-10-22T20:24:08 IST" name="setUpClass" finished-at="2024-10-22T20:24:08 IST" duration-ms="156" status="PASS">
          <params>
            <param index="0">
              <value>
                <![CDATA[org.testng.TestRunner@8297b3a]]>
              </value>
            </param>
          </params>
          <reporter-output>
          </reporter-output>
        </test-method> <!-- setUpClass -->
        <test-method signature="runScenario(io.cucumber.testng.PickleWrapper,io.cucumber.testng.FeatureWrapper)[pri:0, instance:cucumberOptions.TestNgRunner@71d44a3]" started-at="2024-10-22T20:24:08 IST" name="runScenario" description="Runs Cucumber Scenarios" data-provider="scenarios" finished-at="2024-10-22T20:24:21 IST" duration-ms="12605" status="PASS">
          <params>
            <param index="0">
              <value>
                <![CDATA["element loading at 1 second"]]>
              </value>
            </param>
            <param index="1">
              <value>
                <![CDATA["Google page"]]>
              </value>
            </param>
          </params>
          <reporter-output>
          </reporter-output>
        </test-method> <!-- runScenario -->
        <test-method is-config="true" signature="tearDownClass()[pri:0, instance:cucumberOptions.TestNgRunner@71d44a3]" started-at="2024-10-22T20:24:21 IST" name="tearDownClass" finished-at="2024-10-22T20:24:21 IST" duration-ms="381" status="PASS">
          <reporter-output>
          </reporter-output>
        </test-method> <!-- tearDownClass -->
        <test-method is-config="true" signature="tearDown()[pri:0, instance:cucumberOptions.TestNgRunner@71d44a3]" started-at="2024-10-22T20:24:21 IST" name="tearDown" finished-at="2024-10-22T20:24:32 IST" duration-ms="11182" status="PASS">
          <reporter-output>
          </reporter-output>
        </test-method> <!-- tearDown -->
      </class> <!-- cucumberOptions.TestNgRunner -->
    </test> <!-- FirefoxTest -->
  </suite> <!-- ParallelTestSuite -->
</testng-results>
