<?xml version="1.0" encoding="UTF-8"?>
<testng-results ignored="0" total="4" passed="3" failed="1" skipped="0">
  <reporter-output>
  </reporter-output>
  <suite started-at="2024-10-26T18:36:24 IST" name="ParallelTestSuite" finished-at="2024-10-26T18:36:42 IST" duration-ms="17846">
    <groups>
      <group name="cucumber">
        <method signature="AbstractTestNGCucumberTests.runScenario(io.cucumber.testng.PickleWrapper,io.cucumber.testng.FeatureWrapper)[pri:0, instance:runner.TestRunner@5b8dfcc1]" name="runScenario" class="io.cucumber.testng.AbstractTestNGCucumberTests"/>
        <method signature="AbstractTestNGCucumberTests.runScenario(io.cucumber.testng.PickleWrapper,io.cucumber.testng.FeatureWrapper)[pri:0, instance:runner.TestRunner@1bb5a082]" name="runScenario" class="io.cucumber.testng.AbstractTestNGCucumberTests"/>
      </group> <!-- cucumber -->
    </groups>
    <test started-at="2024-10-26T18:36:24 IST" name="edgeTest" finished-at="2024-10-26T18:36:40 IST" duration-ms="16038">
      <class name="runner.TestRunner">
        <test-method is-config="true" signature="setUp(java.lang.String)[pri:0, instance:runner.TestRunner@1bb5a082]" started-at="2024-10-26T18:36:24 IST" name="setUp" finished-at="2024-10-26T18:36:31 IST" duration-ms="7282" status="PASS">
          <params>
            <param index="0">
              <value>
                <![CDATA[edge]]>
              </value>
            </param>
          </params>
          <reporter-output>
          </reporter-output>
        </test-method> <!-- setUp -->
        <test-method is-config="true" signature="setUpClass(org.testng.ITestContext)[pri:0, instance:runner.TestRunner@1bb5a082]" started-at="2024-10-26T18:36:31 IST" name="setUpClass" finished-at="2024-10-26T18:36:31 IST" duration-ms="16" status="PASS">
          <params>
            <param index="0">
              <value>
                <![CDATA[org.testng.TestRunner@544fa968]]>
              </value>
            </param>
          </params>
          <reporter-output>
          </reporter-output>
        </test-method> <!-- setUpClass -->
        <test-method signature="runScenario(io.cucumber.testng.PickleWrapper,io.cucumber.testng.FeatureWrapper)[pri:0, instance:runner.TestRunner@1bb5a082]" started-at="2024-10-26T18:36:31 IST" name="runScenario" description="Runs Cucumber Scenarios" data-provider="scenarios" finished-at="2024-10-26T18:36:35 IST" duration-ms="3393" status="PASS">
          <params>
            <param index="0">
              <value>
                <![CDATA["Display results"]]>
              </value>
            </param>
            <param index="1">
              <value>
                <![CDATA["Google Search"]]>
              </value>
            </param>
          </params>
          <reporter-output>
          </reporter-output>
        </test-method> <!-- runScenario -->
        <test-method signature="runScenario(io.cucumber.testng.PickleWrapper,io.cucumber.testng.FeatureWrapper)[pri:0, instance:runner.TestRunner@1bb5a082]" started-at="2024-10-26T18:36:35 IST" name="runScenario" description="Runs Cucumber Scenarios" data-provider="scenarios" finished-at="2024-10-26T18:36:36 IST" duration-ms="1437" status="PASS">
          <params>
            <param index="0">
              <value>
                <![CDATA["Display results"]]>
              </value>
            </param>
            <param index="1">
              <value>
                <![CDATA["Google Search"]]>
              </value>
            </param>
          </params>
          <reporter-output>
          </reporter-output>
        </test-method> <!-- runScenario -->
        <test-method is-config="true" signature="tearDownClass()[pri:0, instance:runner.TestRunner@1bb5a082]" started-at="2024-10-26T18:36:36 IST" name="tearDownClass" finished-at="2024-10-26T18:36:36 IST" duration-ms="37" status="PASS">
          <reporter-output>
          </reporter-output>
        </test-method> <!-- tearDownClass -->
        <test-method is-config="true" signature="tearDown()[pri:0, instance:runner.TestRunner@1bb5a082]" started-at="2024-10-26T18:36:36 IST" name="tearDown" finished-at="2024-10-26T18:36:40 IST" duration-ms="3834" status="PASS">
          <reporter-output>
          </reporter-output>
        </test-method> <!-- tearDown -->
      </class> <!-- runner.TestRunner -->
    </test> <!-- edgeTest -->
    <test started-at="2024-10-26T18:36:24 IST" name="chromeTest" finished-at="2024-10-26T18:36:42 IST" duration-ms="17846">
      <class name="runner.TestRunner">
        <test-method is-config="true" signature="setUp(java.lang.String)[pri:0, instance:runner.TestRunner@5b8dfcc1]" started-at="2024-10-26T18:36:24 IST" name="setUp" finished-at="2024-10-26T18:36:30 IST" duration-ms="6362" status="PASS">
          <params>
            <param index="0">
              <value>
                <![CDATA[chrome]]>
              </value>
            </param>
          </params>
          <reporter-output>
          </reporter-output>
        </test-method> <!-- setUp -->
        <test-method is-config="true" signature="setUpClass(org.testng.ITestContext)[pri:0, instance:runner.TestRunner@5b8dfcc1]" started-at="2024-10-26T18:36:30 IST" name="setUpClass" finished-at="2024-10-26T18:36:31 IST" duration-ms="901" status="PASS">
          <params>
            <param index="0">
              <value>
                <![CDATA[org.testng.TestRunner@3bd82cf5]]>
              </value>
            </param>
          </params>
          <reporter-output>
          </reporter-output>
        </test-method> <!-- setUpClass -->
        <test-method signature="runScenario(io.cucumber.testng.PickleWrapper,io.cucumber.testng.FeatureWrapper)[pri:0, instance:runner.TestRunner@5b8dfcc1]" started-at="2024-10-26T18:36:31 IST" name="runScenario" description="Runs Cucumber Scenarios" data-provider="scenarios" finished-at="2024-10-26T18:36:34 IST" duration-ms="2426" status="PASS">
          <params>
            <param index="0">
              <value>
                <![CDATA["Display results"]]>
              </value>
            </param>
            <param index="1">
              <value>
                <![CDATA["Google Search"]]>
              </value>
            </param>
          </params>
          <reporter-output>
          </reporter-output>
        </test-method> <!-- runScenario -->
        <test-method signature="runScenario(io.cucumber.testng.PickleWrapper,io.cucumber.testng.FeatureWrapper)[pri:0, instance:runner.TestRunner@5b8dfcc1]" started-at="2024-10-26T18:36:34 IST" name="runScenario" description="Runs Cucumber Scenarios" data-provider="scenarios" finished-at="2024-10-26T18:36:38 IST" duration-ms="4812" status="FAIL">
          <params>
            <param index="0">
              <value>
                <![CDATA["Display results"]]>
              </value>
            </param>
            <param index="1">
              <value>
                <![CDATA["Google Search"]]>
              </value>
            </param>
          </params>
          <exception class="java.lang.AssertionError">
            <message>
              <![CDATA[expected [true] but found [false]]]>
            </message>
            <full-stacktrace>
              <![CDATA[java.lang.AssertionError: expected [true] but found [false]
at org.testng.Assert.fail(Assert.java:111)
at org.testng.Assert.failNotEquals(Assert.java:1578)
at org.testng.Assert.assertTrue(Assert.java:57)
at org.testng.Assert.assertTrue(Assert.java:67)
at stepDefinitions.Search.userGetTheResultsDisplayedWithin1Second(Search.java:35)
at ✽.user get the results displayed within 750 milliseconds(file:///C:/Practice/Java/Google-Search/src/test/java/features/Search.feature:9)
]]>
            </full-stacktrace>
          </exception> <!-- java.lang.AssertionError -->
          <reporter-output>
          </reporter-output>
        </test-method> <!-- runScenario -->
        <test-method is-config="true" signature="tearDownClass()[pri:0, instance:runner.TestRunner@5b8dfcc1]" started-at="2024-10-26T18:36:38 IST" name="tearDownClass" finished-at="2024-10-26T18:36:38 IST" duration-ms="13" status="PASS">
          <reporter-output>
          </reporter-output>
        </test-method> <!-- tearDownClass -->
        <test-method is-config="true" signature="tearDown()[pri:0, instance:runner.TestRunner@5b8dfcc1]" started-at="2024-10-26T18:36:38 IST" name="tearDown" finished-at="2024-10-26T18:36:42 IST" duration-ms="3259" status="PASS">
          <reporter-output>
          </reporter-output>
        </test-method> <!-- tearDown -->
      </class> <!-- runner.TestRunner -->
    </test> <!-- chromeTest -->
  </suite> <!-- ParallelTestSuite -->
</testng-results>
