<?xml version="1.0" encoding="UTF-8"?>
<!-- Generated by org.testng.reporters.JUnitReportReporter -->
<testsuite hostname="LTIN475613" failures="0" tests="1" name="cucumberOptions.TestNgRunner" time="2.334" errors="1" timestamp="2024-10-25T19:39:29 IST" skipped="0">
  <testcase classname="cucumberOptions.TestNgRunner" name="runScenario" time="2.334">
    <error message="For input string: &quot;0.1&quot;" type="java.lang.NumberFormatException">
      <![CDATA[java.lang.NumberFormatException: For input string: "0.1"
at java.base/java.lang.NumberFormatException.forInputString(NumberFormatException.java:67)
at java.base/java.lang.Long.parseLong(Long.java:711)
at java.base/java.lang.Long.parseLong(Long.java:836)
at stepDefinitions.MainSteps.userGetTheResultsDisplayedWithin1Second(MainSteps.java:41)
at ✽.User get the results displayed within "0.1" second(file:///C:/Practice/Java/ParallelExecution/src/test/java/features/google.feature:8)
]]>
    </error>
  </testcase> <!-- runScenario -->
</testsuite> <!-- cucumberOptions.TestNgRunner -->
